# JRE version: OpenJDK Runtime Environment (7.0_75-b13) (build 1.7.0_75-b13)
# Java VM: OpenJDK 64-Bit Server VM (24.75-b04 mixed mode linux-amd64 compressed oops)
Heap
 PSYoungGen      total 108544K, used 24955K [0x00000007d6d00000, 0x00000007e2e00000, 0x0000000800000000)
  eden space 84992K, 1% used [0x00000007d6d00000,0x00000007d6e6b888,0x00000007dc000000)
  from space 23552K, 99% used [0x00000007e1700000,0x00000007e2df33c0,0x00000007e2e00000)
  to   space 42496K, 0% used [0x00000007ddb00000,0x00000007ddb00000,0x00000007e0480000)
 ParOldGen       total 171520K, used 78638K [0x0000000784800000, 0x000000078ef80000, 0x00000007d6d00000)
  object space 171520K, 45% used [0x0000000784800000,0x00000007894cba40,0x000000078ef80000)
 PSPermGen       total 24576K, used 12434K [0x000000077a200000, 0x000000077ba00000, 0x0000000784800000)
  object space 24576K, 50% used [0x000000077a200000,0x000000077ae24910,0x000000077ba00000)
GC Heap History (10 events):
Event: 2.262 GC heap before
{Heap before GC invocations=3 (full 0):
 PSYoungGen      total 37376K, used 37371K [0x00000007d6d00000, 0x00000007db600000, 0x0000000800000000)
  eden space 32256K, 100% used [0x00000007d6d00000,0x00000007d8c80000,0x00000007d8c80000)
  from space 5120K, 99% used [0x00000007d9180000,0x00000007d967eef0,0x00000007d9680000)
  to   space 5120K, 0% used [0x00000007d8c80000,0x00000007d8c80000,0x00000007d9180000)
 ParOldGen       total 83968K, used 6609K [0x0000000784800000, 0x0000000789a00000, 0x00000007d6d00000)
  object space 83968K, 7% used [0x0000000784800000,0x0000000784e74548,0x0000000789a00000)
 PSPermGen       total 21504K, used 12113K [0x000000077a200000, 0x000000077b700000, 0x0000000784800000)
  object space 21504K, 56% used [0x000000077a200000,0x000000077add47a8,0x000000077b700000)
Event: 2.291 GC heap after
Heap after GC invocations=3 (full 0):
 PSYoungGen      total 37376K, used 5105K [0x00000007d6d00000, 0x00000007db600000, 0x0000000800000000)
  eden space 32256K, 0% used [0x00000007d6d00000,0x00000007d6d00000,0x00000007d8c80000)
  from space 5120K, 99% used [0x00000007d8c80000,0x00000007d917c750,0x00000007d9180000)
  to   space 5120K, 0% used [0x00000007db100000,0x00000007db100000,0x00000007db600000)
 ParOldGen       total 83968K, used 24510K [0x0000000784800000, 0x0000000789a00000, 0x00000007d6d00000)
  object space 83968K, 29% used [0x0000000784800000,0x0000000785fefad8,0x0000000789a00000)
 PSPermGen       total 21504K, used 12113K [0x000000077a200000, 0x000000077b700000, 0x0000000784800000)
  object space 21504K, 56% used [0x000000077a200000,0x000000077add47a8,0x000000077b700000)
}
Event: 2.751 GC heap before
{Heap before GC invocations=4 (full 0):
 PSYoungGen      total 37376K, used 37352K [0x00000007d6d00000, 0x00000007db600000, 0x0000000800000000)
  eden space 32256K, 99% used [0x00000007d6d00000,0x00000007d8c7db28,0x00000007d8c80000)
  from space 5120K, 99% used [0x00000007d8c80000,0x00000007d917c750,0x00000007d9180000)
  to   space 5120K, 0% used [0x00000007db100000,0x00000007db100000,0x00000007db600000)
 ParOldGen       total 83968K, used 24510K [0x0000000784800000, 0x0000000789a00000, 0x00000007d6d00000)
  object space 83968K, 29% used [0x0000000784800000,0x0000000785fefad8,0x0000000789a00000)
 PSPermGen       total 21504K, used 12135K [0x000000077a200000, 0x000000077b700000, 0x0000000784800000)
  object space 21504K, 56% used [0x000000077a200000,0x000000077add9c68,0x000000077b700000)
Event: 2.783 GC heap after
Heap after GC invocations=4 (full 0):
 PSYoungGen      total 69632K, used 5088K [0x00000007d6d00000, 0x00000007db600000, 0x0000000800000000)
  eden space 64512K, 0% used [0x00000007d6d00000,0x00000007d6d00000,0x00000007dac00000)
  from space 5120K, 99% used [0x00000007db100000,0x00000007db5f8020,0x00000007db600000)
  to   space 5120K, 0% used [0x00000007dac00000,0x00000007dac00000,0x00000007db100000)
 ParOldGen       total 83968K, used 42000K [0x0000000784800000, 0x0000000789a00000, 0x00000007d6d00000)
  object space 83968K, 50% used [0x0000000784800000,0x00000007871043f8,0x0000000789a00000)
 PSPermGen       total 21504K, used 12135K [0x000000077a200000, 0x000000077b700000, 0x0000000784800000)
  object space 21504K, 56% used [0x000000077a200000,0x000000077add9c68,0x000000077b700000)
}
Event: 3.044 GC heap before
{Heap before GC invocations=5 (full 0):
 PSYoungGen      total 69632K, used 69600K [0x00000007d6d00000, 0x00000007db600000, 0x0000000800000000)
  eden space 64512K, 100% used [0x00000007d6d00000,0x00000007dac00000,0x00000007dac00000)
  from space 5120K, 99% used [0x00000007db100000,0x00000007db5f8020,0x00000007db600000)
  to   space 5120K, 0% used [0x00000007dac00000,0x00000007dac00000,0x00000007db100000)
 ParOldGen       total 83968K, used 42000K [0x0000000784800000, 0x0000000789a00000, 0x00000007d6d00000)
  object space 83968K, 50% used [0x0000000784800000,0x00000007871043f8,0x0000000789a00000)
 PSPermGen       total 21504K, used 12143K [0x000000077a200000, 0x000000077b700000, 0x0000000784800000)
  object space 21504K, 56% used [0x000000077a200000,0x000000077addbc48,0x000000077b700000)
Event: 3.099 GC heap after
Heap after GC invocations=5 (full 0):
 PSYoungGen      total 69632K, used 5109K [0x00000007d6d00000, 0x00000007e4300000, 0x0000000800000000)
  eden space 64512K, 0% used [0x00000007d6d00000,0x00000007d6d00000,0x00000007dac00000)
  from space 5120K, 99% used [0x00000007dac00000,0x00000007db0fd5f8,0x00000007db100000)
  to   space 45056K, 0% used [0x00000007e1700000,0x00000007e1700000,0x00000007e4300000)
 ParOldGen       total 83968K, used 77657K [0x0000000784800000, 0x0000000789a00000, 0x00000007d6d00000)
  object space 83968K, 92% used [0x0000000784800000,0x00000007893d6668,0x0000000789a00000)
 PSPermGen       total 21504K, used 12143K [0x000000077a200000, 0x000000077b700000, 0x0000000784800000)
  object space 21504K, 56% used [0x000000077a200000,0x000000077addbc48,0x000000077b700000)
}
Event: 3.099 GC heap before
{Heap before GC invocations=6 (full 1):
 PSYoungGen      total 69632K, used 5109K [0x00000007d6d00000, 0x00000007e4300000, 0x0000000800000000)
  eden space 64512K, 0% used [0x00000007d6d00000,0x00000007d6d00000,0x00000007dac00000)
  from space 5120K, 99% used [0x00000007dac00000,0x00000007db0fd5f8,0x00000007db100000)
  to   space 45056K, 0% used [0x00000007e1700000,0x00000007e1700000,0x00000007e4300000)
 ParOldGen       total 83968K, used 77657K [0x0000000784800000, 0x0000000789a00000, 0x00000007d6d00000)
  object space 83968K, 92% used [0x0000000784800000,0x00000007893d6668,0x0000000789a00000)
 PSPermGen       total 21504K, used 12143K [0x000000077a200000, 0x000000077b700000, 0x0000000784800000)
  object space 21504K, 56% used [0x000000077a200000,0x000000077addbc48,0x000000077b700000)
Event: 3.533 GC heap after
Heap after GC invocations=6 (full 1):
 PSYoungGen      total 69632K, used 0K [0x00000007d6d00000, 0x00000007e4300000, 0x0000000800000000)
  eden space 64512K, 0% used [0x00000007d6d00000,0x00000007d6d00000,0x00000007dac00000)
  from space 5120K, 0% used [0x00000007dac00000,0x00000007dac00000,0x00000007db100000)
  to   space 45056K, 0% used [0x00000007e1700000,0x00000007e1700000,0x00000007e4300000)
 ParOldGen       total 171520K, used 78638K [0x0000000784800000, 0x000000078ef80000, 0x00000007d6d00000)
  object space 171520K, 45% used [0x0000000784800000,0x00000007894cba40,0x000000078ef80000)
 PSPermGen       total 24576K, used 12136K [0x000000077a200000, 0x000000077ba00000, 0x0000000784800000)
  object space 24576K, 49% used [0x000000077a200000,0x000000077adda2f0,0x000000077ba00000)
}
Event: 4.700 GC heap before
{Heap before GC invocations=7 (full 1):
 PSYoungGen      total 69632K, used 64512K [0x00000007d6d00000, 0x00000007e4300000, 0x0000000800000000)
  eden space 64512K, 100% used [0x00000007d6d00000,0x00000007dac00000,0x00000007dac00000)
  from space 5120K, 0% used [0x00000007dac00000,0x00000007dac00000,0x00000007db100000)
  to   space 45056K, 0% used [0x00000007e1700000,0x00000007e1700000,0x00000007e4300000)
 ParOldGen       total 171520K, used 78638K [0x0000000784800000, 0x000000078ef80000, 0x00000007d6d00000)
  object space 171520K, 45% used [0x0000000784800000,0x00000007894cba40,0x000000078ef80000)
 PSPermGen       total 24576K, used 12433K [0x000000077a200000, 0x000000077ba00000, 0x0000000784800000)
  object space 24576K, 50% used [0x000000077a200000,0x000000077ae24478,0x000000077ba00000)
Event: 4.734 GC heap after
Heap after GC invocations=7 (full 1):
 PSYoungGen      total 108544K, used 23500K [0x00000007d6d00000, 0x00000007e2e00000, 0x0000000800000000)
  eden space 84992K, 0% used [0x00000007d6d00000,0x00000007d6d00000,0x00000007dc000000)
  from space 23552K, 99% used [0x00000007e1700000,0x00000007e2df33c0,0x00000007e2e00000)
  to   space 42496K, 0% used [0x00000007ddb00000,0x00000007ddb00000,0x00000007e0480000)
 ParOldGen       total 171520K, used 78638K [0x0000000784800000, 0x000000078ef80000, 0x00000007d6d00000)
  object space 171520K, 45% used [0x0000000784800000,0x00000007894cba40,0x000000078ef80000)
 PSPermGen       total 24576K, used 12433K [0x000000077a200000, 0x000000077ba00000, 0x0000000784800000)
  object space 24576K, 50% used [0x000000077a200000,0x000000077ae24478,0x000000077ba00000)
}

