# JRE version: OpenJDK Runtime Environment (7.0_75-b13) (build 1.7.0_75-b13)
# Java VM: OpenJDK 64-Bit Server VM (24.75-b04 mixed mode linux-amd64 compressed oops)
Heap
 PSYoungGen      total 69632K, used 6688K [0x00000007d6d00000, 0x00000007df500000, 0x0000000800000000)
  eden space 64512K, 2% used [0x00000007d6d00000,0x00000007d6e89e20,0x00000007dac00000)
  from space 5120K, 99% used [0x00000007dac00000,0x00000007db0fe218,0x00000007db100000)
  to   space 5120K, 0% used [0x00000007df000000,0x00000007df000000,0x00000007df500000)
 ParOldGen       total 83968K, used 23075K [0x0000000784800000, 0x0000000789a00000, 0x00000007d6d00000)
  object space 83968K, 27% used [0x0000000784800000,0x0000000785e88e28,0x0000000789a00000)
 PSPermGen       total 21504K, used 12742K [0x000000077a200000, 0x000000077b700000, 0x0000000784800000)
  object space 21504K, 59% used [0x000000077a200000,0x000000077ae71b30,0x000000077b700000)
GC Heap History (6 events):
Event: 0.662 GC heap before
{Heap before GC invocations=1 (full 0):
 PSYoungGen      total 37376K, used 32256K [0x00000007d6d00000, 0x00000007d9680000, 0x0000000800000000)
  eden space 32256K, 100% used [0x00000007d6d00000,0x00000007d8c80000,0x00000007d8c80000)
  from space 5120K, 0% used [0x00000007d9180000,0x00000007d9180000,0x00000007d9680000)
  to   space 5120K, 0% used [0x00000007d8c80000,0x00000007d8c80000,0x00000007d9180000)
 ParOldGen       total 83968K, used 0K [0x0000000784800000, 0x0000000789a00000, 0x00000007d6d00000)
  object space 83968K, 0% used [0x0000000784800000,0x0000000784800000,0x0000000789a00000)
 PSPermGen       total 21504K, used 9440K [0x000000077a200000, 0x000000077b700000, 0x0000000784800000)
  object space 21504K, 43% used [0x000000077a200000,0x000000077ab38398,0x000000077b700000)
Event: 0.673 GC heap after
Heap after GC invocations=1 (full 0):
 PSYoungGen      total 37376K, used 5025K [0x00000007d6d00000, 0x00000007db600000, 0x0000000800000000)
  eden space 32256K, 0% used [0x00000007d6d00000,0x00000007d6d00000,0x00000007d8c80000)
  from space 5120K, 98% used [0x00000007d8c80000,0x00000007d9168778,0x00000007d9180000)
  to   space 5120K, 0% used [0x00000007db100000,0x00000007db100000,0x00000007db600000)
 ParOldGen       total 83968K, used 8K [0x0000000784800000, 0x0000000789a00000, 0x00000007d6d00000)
  object space 83968K, 0% used [0x0000000784800000,0x0000000784802000,0x0000000789a00000)
 PSPermGen       total 21504K, used 9440K [0x000000077a200000, 0x000000077b700000, 0x0000000784800000)
  object space 21504K, 43% used [0x000000077a200000,0x000000077ab38398,0x000000077b700000)
}
Event: 1.031 GC heap before
{Heap before GC invocations=2 (full 0):
 PSYoungGen      total 37376K, used 37281K [0x00000007d6d00000, 0x00000007db600000, 0x0000000800000000)
  eden space 32256K, 100% used [0x00000007d6d00000,0x00000007d8c80000,0x00000007d8c80000)
  from space 5120K, 98% used [0x00000007d8c80000,0x00000007d9168778,0x00000007d9180000)
  to   space 5120K, 0% used [0x00000007db100000,0x00000007db100000,0x00000007db600000)
 ParOldGen       total 83968K, used 8K [0x0000000784800000, 0x0000000789a00000, 0x00000007d6d00000)
  object space 83968K, 0% used [0x0000000784800000,0x0000000784802000,0x0000000789a00000)
 PSPermGen       total 21504K, used 12067K [0x000000077a200000, 0x000000077b700000, 0x0000000784800000)
  object space 21504K, 56% used [0x000000077a200000,0x000000077adc8d70,0x000000077b700000)
Event: 1.044 GC heap after
Heap after GC invocations=2 (full 0):
 PSYoungGen      total 69632K, used 5093K [0x00000007d6d00000, 0x00000007db600000, 0x0000000800000000)
  eden space 64512K, 0% used [0x00000007d6d00000,0x00000007d6d00000,0x00000007dac00000)
  from space 5120K, 99% used [0x00000007db100000,0x00000007db5f97a8,0x00000007db600000)
  to   space 5120K, 0% used [0x00000007dac00000,0x00000007dac00000,0x00000007db100000)
 ParOldGen       total 83968K, used 7175K [0x0000000784800000, 0x0000000789a00000, 0x00000007d6d00000)
  object space 83968K, 8% used [0x0000000784800000,0x0000000784f01ea0,0x0000000789a00000)
 PSPermGen       total 21504K, used 12067K [0x000000077a200000, 0x000000077b700000, 0x0000000784800000)
  object space 21504K, 56% used [0x000000077a200000,0x000000077adc8d70,0x000000077b700000)
}
Event: 145.889 GC heap before
{Heap before GC invocations=3 (full 0):
 PSYoungGen      total 69632K, used 69605K [0x00000007d6d00000, 0x00000007db600000, 0x0000000800000000)
  eden space 64512K, 100% used [0x00000007d6d00000,0x00000007dac00000,0x00000007dac00000)
  from space 5120K, 99% used [0x00000007db100000,0x00000007db5f97a8,0x00000007db600000)
  to   space 5120K, 0% used [0x00000007dac00000,0x00000007dac00000,0x00000007db100000)
 ParOldGen       total 83968K, used 7175K [0x0000000784800000, 0x0000000789a00000, 0x00000007d6d00000)
  object space 83968K, 8% used [0x0000000784800000,0x0000000784f01ea0,0x0000000789a00000)
 PSPermGen       total 21504K, used 12742K [0x000000077a200000, 0x000000077b700000, 0x0000000784800000)
  object space 21504K, 59% used [0x000000077a200000,0x000000077ae71b30,0x000000077b700000)
Event: 145.925 GC heap after
Heap after GC invocations=3 (full 0):
 PSYoungGen      total 69632K, used 5112K [0x00000007d6d00000, 0x00000007df500000, 0x0000000800000000)
  eden space 64512K, 0% used [0x00000007d6d00000,0x00000007d6d00000,0x00000007dac00000)
  from space 5120K, 99% used [0x00000007dac00000,0x00000007db0fe218,0x00000007db100000)
  to   space 5120K, 0% used [0x00000007df000000,0x00000007df000000,0x00000007df500000)
 ParOldGen       total 83968K, used 23075K [0x0000000784800000, 0x0000000789a00000, 0x00000007d6d00000)
  object space 83968K, 27% used [0x0000000784800000,0x0000000785e88e28,0x0000000789a00000)
 PSPermGen       total 21504K, used 12742K [0x000000077a200000, 0x000000077b700000, 0x0000000784800000)
  object space 21504K, 59% used [0x000000077a200000,0x000000077ae71b30,0x000000077b700000)
}

